0 info it worked if it ends with ok
1 verbose cli [ 'node', '/usr/local/bin/npm', 'install' ]
2 info using npm@1.4.28
3 info using node@v0.10.32
4 warn package.json YourProject@0.0.1 No repository field.
5 verbose readDependencies using package.json deps
6 verbose install where, deps [ '/Users/bengorto/work/gulp/pumpkin',
6 verbose install   [ 'del',
6 verbose install     'gulp',
6 verbose install     'gulp-6to5',
6 verbose install     'gulp-cache',
6 verbose install     'gulp-concat',
6 verbose install     'gulp-imagemin',
6 verbose install     'gulp-jade',
6 verbose install     'gulp-livereload',
6 verbose install     'gulp-minify-css',
6 verbose install     'gulp-open',
6 verbose install     'gulp-sass',
6 verbose install     'gulp-stylus',
6 verbose install     'gulp-uglify',
6 verbose install     'gulp-util',
6 verbose install     'harp',
6 verbose install     'jeet',
6 verbose install     'rupture',
6 verbose install     'stylus-normalize',
6 verbose install     'stylus-mrmrscolors',
6 verbose install     'tiny-lr' ] ]
7 info preinstall YourProject@0.0.1
8 verbose readDependencies using package.json deps
9 verbose already installed skipping del@^0.1.3 /Users/bengorto/work/gulp/pumpkin
10 verbose already installed skipping gulp@^3.8.1 /Users/bengorto/work/gulp/pumpkin
11 verbose already installed skipping gulp-6to5@~1.0.1 /Users/bengorto/work/gulp/pumpkin
12 verbose already installed skipping gulp-cache@~0.1.11 /Users/bengorto/work/gulp/pumpkin
13 verbose already installed skipping gulp-concat@^2.2.0 /Users/bengorto/work/gulp/pumpkin
14 verbose already installed skipping gulp-imagemin@^0.6.1 /Users/bengorto/work/gulp/pumpkin
15 verbose already installed skipping gulp-jade@>= 0.9.0 /Users/bengorto/work/gulp/pumpkin
16 verbose already installed skipping gulp-livereload@^2.1.0 /Users/bengorto/work/gulp/pumpkin
17 verbose already installed skipping gulp-minify-css@^0.3.4 /Users/bengorto/work/gulp/pumpkin
18 verbose already installed skipping gulp-open@~0.2.8 /Users/bengorto/work/gulp/pumpkin
19 verbose already installed skipping gulp-sass@^0.7.2 /Users/bengorto/work/gulp/pumpkin
20 verbose cache add [ 'gulp-stylus@~1.1.3', null ]
21 verbose cache add name=undefined spec="gulp-stylus@~1.1.3" args=["gulp-stylus@~1.1.3",null]
22 verbose parsed url { protocol: null,
22 verbose parsed url   slashes: null,
22 verbose parsed url   auth: null,
22 verbose parsed url   host: null,
22 verbose parsed url   port: null,
22 verbose parsed url   hostname: null,
22 verbose parsed url   hash: null,
22 verbose parsed url   search: null,
22 verbose parsed url   query: null,
22 verbose parsed url   pathname: 'gulp-stylus@~1.1.3',
22 verbose parsed url   path: 'gulp-stylus@~1.1.3',
22 verbose parsed url   href: 'gulp-stylus@~1.1.3' }
23 verbose already installed skipping gulp-uglify@^0.3.0 /Users/bengorto/work/gulp/pumpkin
24 verbose already installed skipping gulp-util@^2.2.17 /Users/bengorto/work/gulp/pumpkin
25 verbose cache add name="gulp-stylus" spec="~1.1.3" args=["gulp-stylus","~1.1.3"]
26 verbose parsed url { protocol: null,
26 verbose parsed url   slashes: null,
26 verbose parsed url   auth: null,
26 verbose parsed url   host: null,
26 verbose parsed url   port: null,
26 verbose parsed url   hostname: null,
26 verbose parsed url   hash: null,
26 verbose parsed url   search: null,
26 verbose parsed url   query: null,
26 verbose parsed url   pathname: '~1.1.3',
26 verbose parsed url   path: '~1.1.3',
26 verbose parsed url   href: '~1.1.3' }
27 verbose addNamed [ 'gulp-stylus', '~1.1.3' ]
28 verbose addNamed [ null, '>=1.1.3-0 <1.2.0-0' ]
29 verbose already installed skipping harp@^0.13.0 /Users/bengorto/work/gulp/pumpkin
30 silly lockFile ff1b1669-gulp-stylus-1-1-3 gulp-stylus@~1.1.3
31 verbose lock gulp-stylus@~1.1.3 /Users/bengorto/.npm/ff1b1669-gulp-stylus-1-1-3.lock
32 verbose cache add [ 'jeet@>= 6.1.2', null ]
33 verbose cache add name=undefined spec="jeet@>= 6.1.2" args=["jeet@>= 6.1.2",null]
34 verbose parsed url { protocol: null,
34 verbose parsed url   slashes: null,
34 verbose parsed url   auth: null,
34 verbose parsed url   host: null,
34 verbose parsed url   port: null,
34 verbose parsed url   hostname: null,
34 verbose parsed url   hash: null,
34 verbose parsed url   search: null,
34 verbose parsed url   query: null,
34 verbose parsed url   pathname: 'jeet@%3E=%206.1.2',
34 verbose parsed url   path: 'jeet@%3E=%206.1.2',
34 verbose parsed url   href: 'jeet@%3E=%206.1.2' }
35 verbose cache add name="jeet" spec=">= 6.1.2" args=["jeet",">= 6.1.2"]
36 verbose parsed url { protocol: null,
36 verbose parsed url   slashes: null,
36 verbose parsed url   auth: null,
36 verbose parsed url   host: null,
36 verbose parsed url   port: null,
36 verbose parsed url   hostname: null,
36 verbose parsed url   hash: null,
36 verbose parsed url   search: null,
36 verbose parsed url   query: null,
36 verbose parsed url   pathname: '%3E=%206.1.2',
36 verbose parsed url   path: '%3E=%206.1.2',
36 verbose parsed url   href: '%3E=%206.1.2' }
37 verbose addNamed [ 'jeet', '>= 6.1.2' ]
38 verbose addNamed [ null, '>=6.1.2' ]
39 silly lockFile 4acb1289-jeet-6-1-2 jeet@>= 6.1.2
40 verbose lock jeet@>= 6.1.2 /Users/bengorto/.npm/4acb1289-jeet-6-1-2.lock
41 silly addNameRange { name: 'gulp-stylus',
41 silly addNameRange   range: '>=1.1.3-0 <1.2.0-0',
41 silly addNameRange   hasData: false }
42 verbose cache add [ 'rupture@>= 0.4.0', null ]
43 verbose cache add name=undefined spec="rupture@>= 0.4.0" args=["rupture@>= 0.4.0",null]
44 verbose parsed url { protocol: null,
44 verbose parsed url   slashes: null,
44 verbose parsed url   auth: null,
44 verbose parsed url   host: null,
44 verbose parsed url   port: null,
44 verbose parsed url   hostname: null,
44 verbose parsed url   hash: null,
44 verbose parsed url   search: null,
44 verbose parsed url   query: null,
44 verbose parsed url   pathname: 'rupture@%3E=%200.4.0',
44 verbose parsed url   path: 'rupture@%3E=%200.4.0',
44 verbose parsed url   href: 'rupture@%3E=%200.4.0' }
45 verbose cache add [ 'stylus-normalize@>= 3.0.0', null ]
46 verbose cache add name=undefined spec="stylus-normalize@>= 3.0.0" args=["stylus-normalize@>= 3.0.0",null]
47 verbose parsed url { protocol: null,
47 verbose parsed url   slashes: null,
47 verbose parsed url   auth: null,
47 verbose parsed url   host: null,
47 verbose parsed url   port: null,
47 verbose parsed url   hostname: null,
47 verbose parsed url   hash: null,
47 verbose parsed url   search: null,
47 verbose parsed url   query: null,
47 verbose parsed url   pathname: 'stylus-normalize@%3E=%203.0.0',
47 verbose parsed url   path: 'stylus-normalize@%3E=%203.0.0',
47 verbose parsed url   href: 'stylus-normalize@%3E=%203.0.0' }
48 verbose cache add name="rupture" spec=">= 0.4.0" args=["rupture",">= 0.4.0"]
49 verbose parsed url { protocol: null,
49 verbose parsed url   slashes: null,
49 verbose parsed url   auth: null,
49 verbose parsed url   host: null,
49 verbose parsed url   port: null,
49 verbose parsed url   hostname: null,
49 verbose parsed url   hash: null,
49 verbose parsed url   search: null,
49 verbose parsed url   query: null,
49 verbose parsed url   pathname: '%3E=%200.4.0',
49 verbose parsed url   path: '%3E=%200.4.0',
49 verbose parsed url   href: '%3E=%200.4.0' }
50 verbose addNamed [ 'rupture', '>= 0.4.0' ]
51 verbose addNamed [ null, '>=0.4.0' ]
52 silly lockFile b32a4446-rupture-0-4-0 rupture@>= 0.4.0
53 verbose lock rupture@>= 0.4.0 /Users/bengorto/.npm/b32a4446-rupture-0-4-0.lock
54 verbose cache add [ 'stylus-mrmrscolors@>= 0.1.0', null ]
55 verbose cache add name=undefined spec="stylus-mrmrscolors@>= 0.1.0" args=["stylus-mrmrscolors@>= 0.1.0",null]
56 verbose parsed url { protocol: null,
56 verbose parsed url   slashes: null,
56 verbose parsed url   auth: null,
56 verbose parsed url   host: null,
56 verbose parsed url   port: null,
56 verbose parsed url   hostname: null,
56 verbose parsed url   hash: null,
56 verbose parsed url   search: null,
56 verbose parsed url   query: null,
56 verbose parsed url   pathname: 'stylus-mrmrscolors@%3E=%200.1.0',
56 verbose parsed url   path: 'stylus-mrmrscolors@%3E=%200.1.0',
56 verbose parsed url   href: 'stylus-mrmrscolors@%3E=%200.1.0' }
57 verbose cache add name="stylus-normalize" spec=">= 3.0.0" args=["stylus-normalize",">= 3.0.0"]
58 verbose parsed url { protocol: null,
58 verbose parsed url   slashes: null,
58 verbose parsed url   auth: null,
58 verbose parsed url   host: null,
58 verbose parsed url   port: null,
58 verbose parsed url   hostname: null,
58 verbose parsed url   hash: null,
58 verbose parsed url   search: null,
58 verbose parsed url   query: null,
58 verbose parsed url   pathname: '%3E=%203.0.0',
58 verbose parsed url   path: '%3E=%203.0.0',
58 verbose parsed url   href: '%3E=%203.0.0' }
59 verbose addNamed [ 'stylus-normalize', '>= 3.0.0' ]
60 verbose addNamed [ null, '>=3.0.0' ]
61 silly lockFile 503f064e-stylus-normalize-3-0-0 stylus-normalize@>= 3.0.0
62 verbose lock stylus-normalize@>= 3.0.0 /Users/bengorto/.npm/503f064e-stylus-normalize-3-0-0.lock
63 silly addNameRange { name: 'jeet', range: '>=6.1.2', hasData: false }
64 verbose already installed skipping tiny-lr@0.0.7 /Users/bengorto/work/gulp/pumpkin
65 verbose cache add name="stylus-mrmrscolors" spec=">= 0.1.0" args=["stylus-mrmrscolors",">= 0.1.0"]
66 verbose parsed url { protocol: null,
66 verbose parsed url   slashes: null,
66 verbose parsed url   auth: null,
66 verbose parsed url   host: null,
66 verbose parsed url   port: null,
66 verbose parsed url   hostname: null,
66 verbose parsed url   hash: null,
66 verbose parsed url   search: null,
66 verbose parsed url   query: null,
66 verbose parsed url   pathname: '%3E=%200.1.0',
66 verbose parsed url   path: '%3E=%200.1.0',
66 verbose parsed url   href: '%3E=%200.1.0' }
67 verbose addNamed [ 'stylus-mrmrscolors', '>= 0.1.0' ]
68 verbose addNamed [ null, '>=0.1.0' ]
69 silly lockFile 5f58737e-stylus-mrmrscolors-0-1-0 stylus-mrmrscolors@>= 0.1.0
70 verbose lock stylus-mrmrscolors@>= 0.1.0 /Users/bengorto/.npm/5f58737e-stylus-mrmrscolors-0-1-0.lock
71 silly addNameRange { name: 'rupture', range: '>=0.4.0', hasData: false }
72 silly addNameRange { name: 'stylus-normalize', range: '>=3.0.0', hasData: false }
73 silly addNameRange { name: 'stylus-mrmrscolors', range: '>=0.1.0', hasData: false }
74 verbose request where is /gulp-stylus
75 verbose request registry https://registry.npmjs.org/
76 verbose request id 66d88edbb401fe2d
77 verbose url raw /gulp-stylus
78 verbose url resolving [ 'https://registry.npmjs.org/', './gulp-stylus' ]
79 verbose url resolved https://registry.npmjs.org/gulp-stylus
80 verbose request where is https://registry.npmjs.org/gulp-stylus
81 info trying registry request attempt 1 at 12:36:59
82 verbose etag "BHOM4ZEHV5H9TPAS717WIY6X1"
83 http GET https://registry.npmjs.org/gulp-stylus
84 verbose request where is /jeet
85 verbose request registry https://registry.npmjs.org/
86 verbose url raw /jeet
87 verbose url resolving [ 'https://registry.npmjs.org/', './jeet' ]
88 verbose url resolved https://registry.npmjs.org/jeet
89 verbose request where is https://registry.npmjs.org/jeet
90 info trying registry request attempt 1 at 12:36:59
91 verbose etag "4AMIHLEGZ6R781SY5NB6EHATE"
92 http GET https://registry.npmjs.org/jeet
93 verbose request where is /rupture
94 verbose request registry https://registry.npmjs.org/
95 verbose url raw /rupture
96 verbose url resolving [ 'https://registry.npmjs.org/', './rupture' ]
97 verbose url resolved https://registry.npmjs.org/rupture
98 verbose request where is https://registry.npmjs.org/rupture
99 info trying registry request attempt 1 at 12:36:59
100 verbose etag "ARI6XA9XETBLDCU2P6KWMDZHY"
101 http GET https://registry.npmjs.org/rupture
102 verbose request where is /stylus-normalize
103 verbose request registry https://registry.npmjs.org/
104 verbose url raw /stylus-normalize
105 verbose url resolving [ 'https://registry.npmjs.org/', './stylus-normalize' ]
106 verbose url resolved https://registry.npmjs.org/stylus-normalize
107 verbose request where is https://registry.npmjs.org/stylus-normalize
108 info trying registry request attempt 1 at 12:36:59
109 verbose etag "5DKKWIIMGRVF7TQ7MSXMWVJRZ"
110 http GET https://registry.npmjs.org/stylus-normalize
111 verbose request where is /stylus-mrmrscolors
112 verbose request registry https://registry.npmjs.org/
113 verbose url raw /stylus-mrmrscolors
114 verbose url resolving [ 'https://registry.npmjs.org/', './stylus-mrmrscolors' ]
115 verbose url resolved https://registry.npmjs.org/stylus-mrmrscolors
116 verbose request where is https://registry.npmjs.org/stylus-mrmrscolors
117 info trying registry request attempt 1 at 12:36:59
118 verbose etag "DCUYFNCTAYNYOS2RXO7K7G1MK"
119 http GET https://registry.npmjs.org/stylus-mrmrscolors
120 http 304 https://registry.npmjs.org/stylus-mrmrscolors
121 silly registry.get cb [ 304,
121 silly registry.get   { date: 'Thu, 30 Oct 2014 19:36:58 GMT',
121 silly registry.get     server: 'Apache',
121 silly registry.get     via: '1.1 varnish',
121 silly registry.get     'last-modified': 'Thu, 30 Oct 2014 19:36:58 GMT',
121 silly registry.get     'cache-control': 'max-age=60',
121 silly registry.get     etag: '"DCUYFNCTAYNYOS2RXO7K7G1MK"',
121 silly registry.get     age: '0',
121 silly registry.get     'x-served-by': 'cache-lax1424-LAX',
121 silly registry.get     'x-cache': 'MISS',
121 silly registry.get     'x-cache-hits': '0',
121 silly registry.get     'x-timer': 'S1414697818.147742,VS0,VE180',
121 silly registry.get     vary: 'Accept',
121 silly registry.get     'content-length': '0',
121 silly registry.get     'keep-alive': 'timeout=10, max=50',
121 silly registry.get     connection: 'Keep-Alive' } ]
122 verbose etag https://registry.npmjs.org/stylus-mrmrscolors from cache
123 silly addNameRange number 2 { name: 'stylus-mrmrscolors', range: '>=0.1.0', hasData: true }
124 silly addNameRange versions [ 'stylus-mrmrscolors', [ '0.1.0' ] ]
125 verbose addNamed [ 'stylus-mrmrscolors', '0.1.0' ]
126 verbose addNamed [ '0.1.0', '0.1.0' ]
127 silly lockFile 4fbe933e-stylus-mrmrscolors-0-1-0 stylus-mrmrscolors@0.1.0
128 verbose lock stylus-mrmrscolors@0.1.0 /Users/bengorto/.npm/4fbe933e-stylus-mrmrscolors-0-1-0.lock
129 silly lockFile 4fbe933e-stylus-mrmrscolors-0-1-0 stylus-mrmrscolors@0.1.0
130 silly lockFile 4fbe933e-stylus-mrmrscolors-0-1-0 stylus-mrmrscolors@0.1.0
131 silly lockFile 5f58737e-stylus-mrmrscolors-0-1-0 stylus-mrmrscolors@>= 0.1.0
132 silly lockFile 5f58737e-stylus-mrmrscolors-0-1-0 stylus-mrmrscolors@>= 0.1.0
133 http 304 https://registry.npmjs.org/gulp-stylus
134 silly registry.get cb [ 304,
134 silly registry.get   { date: 'Thu, 30 Oct 2014 19:36:59 GMT',
134 silly registry.get     server: 'Apache',
134 silly registry.get     via: '1.1 varnish',
134 silly registry.get     'last-modified': 'Thu, 30 Oct 2014 19:36:59 GMT',
134 silly registry.get     'cache-control': 'max-age=60',
134 silly registry.get     etag: '"BHOM4ZEHV5H9TPAS717WIY6X1"',
134 silly registry.get     age: '0',
134 silly registry.get     'x-served-by': 'cache-lax1420-LAX',
134 silly registry.get     'x-cache': 'HIT',
134 silly registry.get     'x-cache-hits': '1',
134 silly registry.get     'x-timer': 'S1414697819.235305,VS0,VE40',
134 silly registry.get     vary: 'Accept',
134 silly registry.get     'content-length': '0',
134 silly registry.get     'keep-alive': 'timeout=10, max=50',
134 silly registry.get     connection: 'Keep-Alive' } ]
135 verbose etag https://registry.npmjs.org/gulp-stylus from cache
136 silly addNameRange number 2 { name: 'gulp-stylus',
136 silly addNameRange   range: '>=1.1.3-0 <1.2.0-0',
136 silly addNameRange   hasData: true }
137 silly addNameRange versions [ 'gulp-stylus',
137 silly addNameRange   [ '0.0.2',
137 silly addNameRange     '0.0.3',
137 silly addNameRange     '0.0.4',
137 silly addNameRange     '0.0.5',
137 silly addNameRange     '0.0.7',
137 silly addNameRange     '0.0.9',
137 silly addNameRange     '0.0.10',
137 silly addNameRange     '0.0.11',
137 silly addNameRange     '0.0.12',
137 silly addNameRange     '0.0.13',
137 silly addNameRange     '0.0.14',
137 silly addNameRange     '0.1.0',
137 silly addNameRange     '0.2.0',
137 silly addNameRange     '0.2.1',
137 silly addNameRange     '1.0.0',
137 silly addNameRange     '1.0.1',
137 silly addNameRange     '1.0.2',
137 silly addNameRange     '1.0.3',
137 silly addNameRange     '1.0.4',
137 silly addNameRange     '1.0.5',
137 silly addNameRange     '1.1.0',
137 silly addNameRange     '1.3.0',
137 silly addNameRange     '1.3.2',
137 silly addNameRange     '1.3.3' ] ]
138 silly lockFile ff1b1669-gulp-stylus-1-1-3 gulp-stylus@~1.1.3
139 silly lockFile ff1b1669-gulp-stylus-1-1-3 gulp-stylus@~1.1.3
140 http 304 https://registry.npmjs.org/stylus-normalize
141 silly registry.get cb [ 304,
141 silly registry.get   { date: 'Thu, 30 Oct 2014 19:36:59 GMT',
141 silly registry.get     server: 'Apache',
141 silly registry.get     via: '1.1 varnish',
141 silly registry.get     'last-modified': 'Thu, 30 Oct 2014 19:36:59 GMT',
141 silly registry.get     'cache-control': 'max-age=60',
141 silly registry.get     etag: '"5DKKWIIMGRVF7TQ7MSXMWVJRZ"',
141 silly registry.get     age: '0',
141 silly registry.get     'x-served-by': 'cache-lax1432-LAX',
141 silly registry.get     'x-cache': 'MISS',
141 silly registry.get     'x-cache-hits': '0',
141 silly registry.get     'x-timer': 'S1414697819.243236,VS0,VE79',
141 silly registry.get     vary: 'Accept',
141 silly registry.get     'content-length': '0',
141 silly registry.get     'keep-alive': 'timeout=10, max=50',
141 silly registry.get     connection: 'Keep-Alive' } ]
142 verbose etag https://registry.npmjs.org/stylus-normalize from cache
143 silly addNameRange number 2 { name: 'stylus-normalize', range: '>=3.0.0', hasData: true }
144 silly addNameRange versions [ 'stylus-normalize', [ '3.0.0', '3.0.2', '3.0.3' ] ]
145 verbose addNamed [ 'stylus-normalize', '3.0.3' ]
146 verbose addNamed [ '3.0.3', '3.0.3' ]
147 silly lockFile ccc0dc79-stylus-normalize-3-0-3 stylus-normalize@3.0.3
148 verbose lock stylus-normalize@3.0.3 /Users/bengorto/.npm/ccc0dc79-stylus-normalize-3-0-3.lock
149 silly lockFile ccc0dc79-stylus-normalize-3-0-3 stylus-normalize@3.0.3
150 silly lockFile ccc0dc79-stylus-normalize-3-0-3 stylus-normalize@3.0.3
151 silly lockFile 503f064e-stylus-normalize-3-0-0 stylus-normalize@>= 3.0.0
152 silly lockFile 503f064e-stylus-normalize-3-0-0 stylus-normalize@>= 3.0.0
153 http 304 https://registry.npmjs.org/jeet
154 silly registry.get cb [ 304,
154 silly registry.get   { date: 'Thu, 30 Oct 2014 19:36:59 GMT',
154 silly registry.get     server: 'Apache',
154 silly registry.get     via: '1.1 varnish',
154 silly registry.get     'last-modified': 'Thu, 30 Oct 2014 19:36:59 GMT',
154 silly registry.get     'cache-control': 'max-age=60',
154 silly registry.get     etag: '"4AMIHLEGZ6R781SY5NB6EHATE"',
154 silly registry.get     age: '0',
154 silly registry.get     'x-served-by': 'cache-lax1421-LAX',
154 silly registry.get     'x-cache': 'MISS',
154 silly registry.get     'x-cache-hits': '0',
154 silly registry.get     'x-timer': 'S1414697819.239192,VS0,VE176',
154 silly registry.get     vary: 'Accept',
154 silly registry.get     'content-length': '0',
154 silly registry.get     'keep-alive': 'timeout=10, max=50',
154 silly registry.get     connection: 'Keep-Alive' } ]
155 verbose etag https://registry.npmjs.org/jeet from cache
156 silly addNameRange number 2 { name: 'jeet', range: '>=6.1.2', hasData: true }
157 silly addNameRange versions [ 'jeet',
157 silly addNameRange   [ '0.1.2',
157 silly addNameRange     '0.1.3',
157 silly addNameRange     '0.1.3-1',
157 silly addNameRange     '0.2.0-0',
157 silly addNameRange     '0.2.0-1',
157 silly addNameRange     '0.2.0-2',
157 silly addNameRange     '0.3.0-0',
157 silly addNameRange     '0.3.1',
157 silly addNameRange     '0.4.1',
157 silly addNameRange     '0.4.4',
157 silly addNameRange     '0.4.6',
157 silly addNameRange     '0.4.7',
157 silly addNameRange     '0.4.8',
157 silly addNameRange     '0.4.9',
157 silly addNameRange     '0.5.0',
157 silly addNameRange     '0.5.1',
157 silly addNameRange     '0.5.2',
157 silly addNameRange     '3.0.0',
157 silly addNameRange     '0.5.4',
157 silly addNameRange     '0.5.5',
157 silly addNameRange     '0.5.6',
157 silly addNameRange     '3.0.1',
157 silly addNameRange     '3.0.2',
157 silly addNameRange     '3.0.3',
157 silly addNameRange     '3.0.4',
157 silly addNameRange     '3.0.5',
157 silly addNameRange     '3.0.6',
157 silly addNameRange     '3.0.7',
157 silly addNameRange     '3.0.8',
157 silly addNameRange     '3.0.9',
157 silly addNameRange     '3.0.10',
157 silly addNameRange     '3.0.11',
157 silly addNameRange     '3.0.12',
157 silly addNameRange     '3.0.14',
157 silly addNameRange     '3.0.15',
157 silly addNameRange     '3.0.16',
157 silly addNameRange     '3.0.17',
157 silly addNameRange     '3.0.18',
157 silly addNameRange     '3.0.19',
157 silly addNameRange     '4.0.0',
157 silly addNameRange     '4.0.1',
157 silly addNameRange     '4.0.2',
157 silly addNameRange     '4.1.0',
157 silly addNameRange     '4.1.1',
157 silly addNameRange     '5.0.0',
157 silly addNameRange     '5.0.1',
157 silly addNameRange     '5.0.2',
157 silly addNameRange     '5.1.2',
157 silly addNameRange     '5.1.3',
157 silly addNameRange     '5.1.5',
157 silly addNameRange     '5.2.6',
157 silly addNameRange     '5.2.7',
157 silly addNameRange     '5.2.8',
157 silly addNameRange     '5.2.9',
157 silly addNameRange     '5.2.10',
157 silly addNameRange     '5.2.11',
157 silly addNameRange     '5.3.0',
157 silly addNameRange     '6.0.0',
157 silly addNameRange     '6.1.1',
157 silly addNameRange     '6.1.2' ] ]
158 verbose addNamed [ 'jeet', '6.1.2' ]
159 verbose addNamed [ '6.1.2', '6.1.2' ]
160 silly lockFile 858e1e5b-jeet-6-1-2 jeet@6.1.2
161 verbose lock jeet@6.1.2 /Users/bengorto/.npm/858e1e5b-jeet-6-1-2.lock
162 silly lockFile 858e1e5b-jeet-6-1-2 jeet@6.1.2
163 silly lockFile 858e1e5b-jeet-6-1-2 jeet@6.1.2
164 silly lockFile 4acb1289-jeet-6-1-2 jeet@>= 6.1.2
165 silly lockFile 4acb1289-jeet-6-1-2 jeet@>= 6.1.2
166 http 304 https://registry.npmjs.org/rupture
167 silly registry.get cb [ 304,
167 silly registry.get   { date: 'Thu, 30 Oct 2014 19:36:59 GMT',
167 silly registry.get     server: 'Apache',
167 silly registry.get     via: '1.1 varnish',
167 silly registry.get     'last-modified': 'Thu, 30 Oct 2014 19:36:59 GMT',
167 silly registry.get     'cache-control': 'max-age=60',
167 silly registry.get     etag: '"ARI6XA9XETBLDCU2P6KWMDZHY"',
167 silly registry.get     age: '0',
167 silly registry.get     'x-served-by': 'cache-lax1421-LAX',
167 silly registry.get     'x-cache': 'MISS',
167 silly registry.get     'x-cache-hits': '0',
167 silly registry.get     'x-timer': 'S1414697819.236669,VS0,VE377',
167 silly registry.get     vary: 'Accept',
167 silly registry.get     'content-length': '0',
167 silly registry.get     'keep-alive': 'timeout=10, max=50',
167 silly registry.get     connection: 'Keep-Alive' } ]
168 verbose etag https://registry.npmjs.org/rupture from cache
169 silly addNameRange number 2 { name: 'rupture', range: '>=0.4.0', hasData: true }
170 silly addNameRange versions [ 'rupture',
170 silly addNameRange   [ '0.0.1',
170 silly addNameRange     '0.0.2',
170 silly addNameRange     '0.0.3',
170 silly addNameRange     '0.1.0',
170 silly addNameRange     '0.2.0',
170 silly addNameRange     '0.3.0',
170 silly addNameRange     '0.3.1',
170 silly addNameRange     '0.4.0' ] ]
171 verbose addNamed [ 'rupture', '0.4.0' ]
172 verbose addNamed [ '0.4.0', '0.4.0' ]
173 silly lockFile 0361ce42-rupture-0-4-0 rupture@0.4.0
174 verbose lock rupture@0.4.0 /Users/bengorto/.npm/0361ce42-rupture-0-4-0.lock
175 silly lockFile 0361ce42-rupture-0-4-0 rupture@0.4.0
176 silly lockFile 0361ce42-rupture-0-4-0 rupture@0.4.0
177 silly lockFile b32a4446-rupture-0-4-0 rupture@>= 0.4.0
178 silly lockFile b32a4446-rupture-0-4-0 rupture@>= 0.4.0
179 error notarget No compatible version found: gulp-stylus@'>=1.1.3-0 <1.2.0-0'
179 error notarget Valid install targets:
179 error notarget ["0.0.2","0.0.3","0.0.4","0.0.5","0.0.7","0.0.9","0.0.10","0.0.11","0.0.12","0.0.13","0.0.14","0.1.0","0.2.0","0.2.1","1.0.0","1.0.1","1.0.2","1.0.3","1.0.4","1.0.5","1.1.0","1.3.0","1.3.2","1.3.3"]
179 error notarget
179 error notarget This is most likely not a problem with npm itself.
179 error notarget In most cases you or one of your dependencies are requesting
179 error notarget a package version that doesn't exist.
180 error System Darwin 13.4.0
181 error command "node" "/usr/local/bin/npm" "install"
182 error cwd /Users/bengorto/work/gulp/pumpkin
183 error node -v v0.10.32
184 error npm -v 1.4.28
185 error code ETARGET
186 verbose exit [ 1, true ]
